
-----
Test:  tests/test_google_maps_api.py::Test_create_place::test_create_new_place (call)
Time: 2022-07-07 17:19:30.800491
Request method POST
Request method https://rahulshettyacademy.com/maps/api/place/add/json?key=qaclick123

Response code 200
 Response text :  {"status":"OK","place_id":"5f16eb7acfcb7b4c34df36488bea0683","scope":"APP","reference":"07f4ce645c9ad48fa3afe74697e2390207f4ce645c9ad48fa3afe74697e23902","id":"07f4ce645c9ad48fa3afe74697e23902"}
 Response headers :  {'Date': 'Thu, 07 Jul 2022 14:19:31 GMT', 'Server': 'Apache/2.4.41 (Ubuntu)', 'Access-Control-Allow-Origin': '*', 'Access-Control-Allow-Methods': 'POST', 'Access-Control-Max-Age': '3600', 'Access-Control-Allow-Headers': 'Content-Type, Access-Control-Allow-Headers, Authorization, X-Requested-With', 'Content-Length': '194', 'Keep-Alive': 'timeout=5, max=100', 'Connection': 'Keep-Alive', 'Content-Type': 'application/json;charset=UTF-8'}
 Response text :  {}
 
-----

-----
Test:  tests/test_google_maps_api.py::Test_create_place::test_create_new_place (call)
Time: 2022-07-07 17:19:31.549081
Request method GET
Request method https://rahulshettyacademy.com/maps/api/place/get/json?key=qaclick123&place_id=5f16eb7acfcb7b4c34df36488bea0683

Response code 200
 Response text :  {"location":{"latitude":"-38.383494","longitude":"33.427362"},"accuracy":"50","name":"Frontline house","phone_number":"(+91) 983 893 3937","address":"29, side layout, cohen 09","types":"shoe park,shop","website":"http:\/\/google.com","language":"French-IN"}
 Response headers :  {'Date': 'Thu, 07 Jul 2022 14:19:32 GMT', 'Server': 'Apache/2.4.41 (Ubuntu)', 'Access-Control-Allow-Origin': '*', 'Access-Control-Allow-Methods': 'POST', 'Access-Control-Max-Age': '3600', 'Access-Control-Allow-Headers': 'Content-Type, Access-Control-Allow-Headers, Authorization, X-Requested-With', 'Content-Length': '257', 'Keep-Alive': 'timeout=5, max=100', 'Connection': 'Keep-Alive', 'Content-Type': 'application/json;charset=UTF-8'}
 Response text :  {}
 
-----

-----
Test:  tests/test_google_maps_api.py::Test_create_place::test_create_new_place (call)
Time: 2022-07-07 17:19:32.237890
Request method PUT
Request method https://rahulshettyacademy.com/maps/api/place/update/json?key=qaclick123

Response code 200
 Response text :  {"msg":"Address successfully updated"}
 Response headers :  {'Date': 'Thu, 07 Jul 2022 14:19:33 GMT', 'Server': 'Apache/2.4.41 (Ubuntu)', 'Access-Control-Allow-Origin': '*', 'Access-Control-Allow-Methods': 'POST', 'Access-Control-Max-Age': '3600', 'Access-Control-Allow-Headers': 'Content-Type, Access-Control-Allow-Headers, Authorization, X-Requested-With', 'Content-Length': '38', 'Keep-Alive': 'timeout=5, max=100', 'Connection': 'Keep-Alive', 'Content-Type': 'application/json;charset=UTF-8'}
 Response text :  {}
 
-----

-----
Test:  tests/test_google_maps_api.py::Test_create_place::test_create_new_place (call)
Time: 2022-07-07 17:19:32.977697
Request method GET
Request method https://rahulshettyacademy.com/maps/api/place/get/json?key=qaclick123&place_id=5f16eb7acfcb7b4c34df36488bea0683

Response code 200
 Response text :  {"location":{"latitude":"-38.383494","longitude":"33.427362"},"accuracy":"50","name":"Frontline house","phone_number":"(+91) 983 893 3937","address":"100 Lenina street, RU","types":"shoe park,shop","website":"http:\/\/google.com","language":"French-IN"}
 Response headers :  {'Date': 'Thu, 07 Jul 2022 14:19:33 GMT', 'Server': 'Apache/2.4.41 (Ubuntu)', 'Access-Control-Allow-Origin': '*', 'Access-Control-Allow-Methods': 'POST', 'Access-Control-Max-Age': '3600', 'Access-Control-Allow-Headers': 'Content-Type, Access-Control-Allow-Headers, Authorization, X-Requested-With', 'Content-Length': '253', 'Keep-Alive': 'timeout=5, max=100', 'Connection': 'Keep-Alive', 'Content-Type': 'application/json;charset=UTF-8'}
 Response text :  {}
 
-----

-----
Test:  tests/test_google_maps_api.py::Test_create_place::test_create_new_place (call)
Time: 2022-07-07 17:19:33.671821
Request method PUT
Request method https://rahulshettyacademy.com/maps/api/place/delete/json?key=qaclick123

Response code 200
 Response text :  {"status":"OK"}
 Response headers :  {'Date': 'Thu, 07 Jul 2022 14:19:34 GMT', 'Server': 'Apache/2.4.41 (Ubuntu)', 'Access-Control-Allow-Origin': '*', 'Access-Control-Allow-Methods': 'POST', 'Access-Control-Max-Age': '3600', 'Access-Control-Allow-Headers': 'Content-Type, Access-Control-Allow-Headers, Authorization, X-Requested-With', 'Content-Length': '15', 'Keep-Alive': 'timeout=5, max=100', 'Connection': 'Keep-Alive', 'Content-Type': 'application/json;charset=UTF-8'}
 Response text :  {}
 
-----

-----
Test:  tests/test_google_maps_api.py::Test_create_place::test_create_new_place (call)
Time: 2022-07-07 17:19:34.348772
Request method GET
Request method https://rahulshettyacademy.com/maps/api/place/get/json?key=qaclick123&place_id=5f16eb7acfcb7b4c34df36488bea0683

Response code 404
 Response text :  {"msg":"Get operation failed, looks like place_id  doesn't exists"}
 Response headers :  {'Date': 'Thu, 07 Jul 2022 14:19:35 GMT', 'Server': 'Apache/2.4.41 (Ubuntu)', 'Access-Control-Allow-Origin': '*', 'Access-Control-Allow-Methods': 'POST', 'Access-Control-Max-Age': '3600', 'Access-Control-Allow-Headers': 'Content-Type, Access-Control-Allow-Headers, Authorization, X-Requested-With', 'Content-Length': '67', 'Keep-Alive': 'timeout=5, max=100', 'Connection': 'Keep-Alive', 'Content-Type': 'application/json;charset=UTF-8'}
 Response text :  {}
 
-----
