
-----
Test:  tests/test_google_maps_api.py::Test_create_place::test_create_new_place (call)
Time: 2022-06-22 23:49:34.325058
Request method POST
Request method https://rahulshettyacademy.com/maps/api/place/add/json?key=qaclick123

Response code 200
 Response text :  {"status":"OK","place_id":"93ee7c7d6b459f5829f8f7455856c38b","scope":"APP","reference":"e470f2fad1cbb8f4ac37e26a4db8490fe470f2fad1cbb8f4ac37e26a4db8490f","id":"e470f2fad1cbb8f4ac37e26a4db8490f"}
 Response headers :  {'Date': 'Wed, 22 Jun 2022 20:49:34 GMT', 'Server': 'Apache/2.4.41 (Ubuntu)', 'Access-Control-Allow-Origin': '*', 'Access-Control-Allow-Methods': 'POST', 'Access-Control-Max-Age': '3600', 'Access-Control-Allow-Headers': 'Content-Type, Access-Control-Allow-Headers, Authorization, X-Requested-With', 'Content-Length': '194', 'Keep-Alive': 'timeout=5, max=100', 'Connection': 'Keep-Alive', 'Content-Type': 'application/json;charset=UTF-8'}
 Response text :  {}
 
-----

-----
Test:  tests/test_google_maps_api.py::Test_create_place::test_create_new_place (call)
Time: 2022-06-22 23:49:35.028980
Request method GET
Request method https://rahulshettyacademy.com/maps/api/place/get/json?key=qaclick123&place_id=93ee7c7d6b459f5829f8f7455856c38b

Response code 200
 Response text :  {"location":{"latitude":"-38.383494","longitude":"33.427362"},"accuracy":"50","name":"Frontline house","phone_number":"(+91) 983 893 3937","address":"29, side layout, cohen 09","types":"shoe park,shop","website":"http:\/\/google.com","language":"French-IN"}
 Response headers :  {'Date': 'Wed, 22 Jun 2022 20:49:34 GMT', 'Server': 'Apache/2.4.41 (Ubuntu)', 'Access-Control-Allow-Origin': '*', 'Access-Control-Allow-Methods': 'POST', 'Access-Control-Max-Age': '3600', 'Access-Control-Allow-Headers': 'Content-Type, Access-Control-Allow-Headers, Authorization, X-Requested-With', 'Content-Length': '257', 'Keep-Alive': 'timeout=5, max=100', 'Connection': 'Keep-Alive', 'Content-Type': 'application/json;charset=UTF-8'}
 Response text :  {}
 
-----

-----
Test:  tests/test_google_maps_api.py::Test_create_place::test_create_new_place (call)
Time: 2022-06-22 23:49:35.646951
Request method PUT
Request method https://rahulshettyacademy.com/maps/api/place/update/json?key=qaclick123

Response code 200
 Response text :  {"msg":"Address successfully updated"}
 Response headers :  {'Date': 'Wed, 22 Jun 2022 20:49:35 GMT', 'Server': 'Apache/2.4.41 (Ubuntu)', 'Access-Control-Allow-Origin': '*', 'Access-Control-Allow-Methods': 'POST', 'Access-Control-Max-Age': '3600', 'Access-Control-Allow-Headers': 'Content-Type, Access-Control-Allow-Headers, Authorization, X-Requested-With', 'Content-Length': '38', 'Keep-Alive': 'timeout=5, max=100', 'Connection': 'Keep-Alive', 'Content-Type': 'application/json;charset=UTF-8'}
 Response text :  {}
 
-----

-----
Test:  tests/test_google_maps_api.py::Test_create_place::test_create_new_place (call)
Time: 2022-06-22 23:49:36.367185
Request method GET
Request method https://rahulshettyacademy.com/maps/api/place/get/json?key=qaclick123&place_id=93ee7c7d6b459f5829f8f7455856c38b

Response code 200
 Response text :  {"location":{"latitude":"-38.383494","longitude":"33.427362"},"accuracy":"50","name":"Frontline house","phone_number":"(+91) 983 893 3937","address":"100 Lenina street, RU","types":"shoe park,shop","website":"http:\/\/google.com","language":"French-IN"}
 Response headers :  {'Date': 'Wed, 22 Jun 2022 20:49:36 GMT', 'Server': 'Apache/2.4.41 (Ubuntu)', 'Access-Control-Allow-Origin': '*', 'Access-Control-Allow-Methods': 'POST', 'Access-Control-Max-Age': '3600', 'Access-Control-Allow-Headers': 'Content-Type, Access-Control-Allow-Headers, Authorization, X-Requested-With', 'Content-Length': '253', 'Keep-Alive': 'timeout=5, max=100', 'Connection': 'Keep-Alive', 'Content-Type': 'application/json;charset=UTF-8'}
 Response text :  {}
 
-----

-----
Test:  tests/test_google_maps_api.py::Test_create_place::test_create_new_place (call)
Time: 2022-06-22 23:49:36.976375
Request method PUT
Request method https://rahulshettyacademy.com/maps/api/place/delete/json?key=qaclick123

Response code 200
 Response text :  {"status":"OK"}
 Response headers :  {'Date': 'Wed, 22 Jun 2022 20:49:36 GMT', 'Server': 'Apache/2.4.41 (Ubuntu)', 'Access-Control-Allow-Origin': '*', 'Access-Control-Allow-Methods': 'POST', 'Access-Control-Max-Age': '3600', 'Access-Control-Allow-Headers': 'Content-Type, Access-Control-Allow-Headers, Authorization, X-Requested-With', 'Content-Length': '15', 'Keep-Alive': 'timeout=5, max=100', 'Connection': 'Keep-Alive', 'Content-Type': 'application/json;charset=UTF-8'}
 Response text :  {}
 
-----

-----
Test:  tests/test_google_maps_api.py::Test_create_place::test_create_new_place (call)
Time: 2022-06-22 23:49:37.648811
Request method GET
Request method https://rahulshettyacademy.com/maps/api/place/get/json?key=qaclick123&place_id=93ee7c7d6b459f5829f8f7455856c38b

Response code 404
 Response text :  {"msg":"Get operation failed, looks like place_id  doesn't exists"}
 Response headers :  {'Date': 'Wed, 22 Jun 2022 20:49:37 GMT', 'Server': 'Apache/2.4.41 (Ubuntu)', 'Access-Control-Allow-Origin': '*', 'Access-Control-Allow-Methods': 'POST', 'Access-Control-Max-Age': '3600', 'Access-Control-Allow-Headers': 'Content-Type, Access-Control-Allow-Headers, Authorization, X-Requested-With', 'Content-Length': '67', 'Keep-Alive': 'timeout=5, max=100', 'Connection': 'Keep-Alive', 'Content-Type': 'application/json;charset=UTF-8'}
 Response text :  {}
 
-----
